2022-04-25 13:24:12.163  INFO 15532 --- [main] r.RabbitMqReleaseConfirmationApplication : Starting RabbitMqReleaseConfirmationApplication using Java 16.0.2 on mao with PID 15532 (H:\程序\大三下期\rabbitMQ发布确认\target\classes started by mao in H:\程序\大三下期\rabbitMQ发布确认)
2022-04-25 13:24:12.165 DEBUG 15532 --- [main] r.RabbitMqReleaseConfirmationApplication : Running with Spring Boot v2.6.7, Spring v5.3.19
2022-04-25 13:24:12.166  INFO 15532 --- [main] r.RabbitMqReleaseConfirmationApplication : The following 1 profile is active: "dev"
2022-04-25 13:24:12.871  INFO 15532 --- [main] o.s.b.w.embedded.tomcat.TomcatWebServer  : Tomcat initialized with port(s): 8080 (http)
2022-04-25 13:24:12.879  INFO 15532 --- [main] o.apache.catalina.core.StandardService   : Starting service [Tomcat]
2022-04-25 13:24:12.879  INFO 15532 --- [main] org.apache.catalina.core.StandardEngine  : Starting Servlet engine: [Apache Tomcat/9.0.62]
2022-04-25 13:24:12.954  INFO 15532 --- [main] o.a.c.c.C.[Tomcat].[localhost].[/]       : Initializing Spring embedded WebApplicationContext
2022-04-25 13:24:12.954  INFO 15532 --- [main] w.s.c.ServletWebServerApplicationContext : Root WebApplicationContext: initialization completed in 752 ms
2022-04-25 13:24:13.494  INFO 15532 --- [main] o.s.b.w.embedded.tomcat.TomcatWebServer  : Tomcat started on port(s): 8080 (http) with context path ''
2022-04-25 13:24:13.496  INFO 15532 --- [main] o.s.a.r.c.CachingConnectionFactory       : Attempting to connect to: [127.0.0.1:5672]
2022-04-25 13:24:13.519  INFO 15532 --- [main] o.s.a.r.c.CachingConnectionFactory       : Created new connection: rabbitConnectionFactory#a96d56c:0/SimpleConnection@5b000fe6 [delegate=amqp://admin@127.0.0.1:5672/, localPort= 53509]
2022-04-25 13:24:13.522  INFO 15532 --- [main] o.s.amqp.rabbit.core.RabbitAdmin         : Auto-declaring a non-durable or auto-delete Exchange (confirm_exchange) durable:false, auto-delete:false. It will be deleted by the broker if it shuts down, and can be redeclared by closing and reopening the connection.
2022-04-25 13:24:13.522  INFO 15532 --- [main] o.s.amqp.rabbit.core.RabbitAdmin         : Auto-declaring a non-durable, auto-delete, or exclusive Queue (confirm_queue) durable:false, auto-delete:false, exclusive:false. It will be redeclared if the broker stops and is restarted while the connection factory is alive, but all messages will be lost.
2022-04-25 13:24:13.577  INFO 15532 --- [main] r.RabbitMqReleaseConfirmationApplication : Started RabbitMqReleaseConfirmationApplication in 1.914 seconds (JVM running for 2.519)
2022-04-25 13:27:07.623  INFO 15532 --- [org.springframework.amqp.rabbit.RabbitListenerEndpointContainer#0-2] o.s.a.r.l.SimpleMessageListenerContainer : Waiting for workers to finish.
2022-04-25 13:27:08.300  INFO 15532 --- [org.springframework.amqp.rabbit.RabbitListenerEndpointContainer#0-2] o.s.a.r.l.SimpleMessageListenerContainer : Successfully waited for workers to finish.
2022-04-25 13:27:08.317  INFO 15532 --- [SpringApplicationShutdownHook] o.s.a.r.l.SimpleMessageListenerContainer : Shutdown ignored - container is already stopped
2022-04-25 13:27:13.097  INFO 9780 --- [main] r.RabbitMqReleaseConfirmationApplication : Starting RabbitMqReleaseConfirmationApplication using Java 16.0.2 on mao with PID 9780 (H:\程序\大三下期\rabbitMQ发布确认\target\classes started by mao in H:\程序\大三下期\rabbitMQ发布确认)
2022-04-25 13:27:13.099 DEBUG 9780 --- [main] r.RabbitMqReleaseConfirmationApplication : Running with Spring Boot v2.6.7, Spring v5.3.19
2022-04-25 13:27:13.099  INFO 9780 --- [main] r.RabbitMqReleaseConfirmationApplication : The following 1 profile is active: "dev"
2022-04-25 13:27:13.740  INFO 9780 --- [main] o.s.b.w.embedded.tomcat.TomcatWebServer  : Tomcat initialized with port(s): 8080 (http)
2022-04-25 13:27:13.747  INFO 9780 --- [main] o.apache.catalina.core.StandardService   : Starting service [Tomcat]
2022-04-25 13:27:13.747  INFO 9780 --- [main] org.apache.catalina.core.StandardEngine  : Starting Servlet engine: [Apache Tomcat/9.0.62]
2022-04-25 13:27:13.827  INFO 9780 --- [main] o.a.c.c.C.[Tomcat].[localhost].[/]       : Initializing Spring embedded WebApplicationContext
2022-04-25 13:27:13.827  INFO 9780 --- [main] w.s.c.ServletWebServerApplicationContext : Root WebApplicationContext: initialization completed in 690 ms
2022-04-25 13:27:14.280  INFO 9780 --- [main] o.s.b.w.embedded.tomcat.TomcatWebServer  : Tomcat started on port(s): 8080 (http) with context path ''
2022-04-25 13:27:14.282  INFO 9780 --- [main] o.s.a.r.c.CachingConnectionFactory       : Attempting to connect to: [127.0.0.1:5672]
2022-04-25 13:27:14.300  INFO 9780 --- [main] o.s.a.r.c.CachingConnectionFactory       : Created new connection: rabbitConnectionFactory#20d87335:0/SimpleConnection@4f379769 [delegate=amqp://admin@127.0.0.1:5672/, localPort= 53639]
2022-04-25 13:27:14.303  INFO 9780 --- [main] o.s.amqp.rabbit.core.RabbitAdmin         : Auto-declaring a non-durable or auto-delete Exchange (confirm_exchange) durable:false, auto-delete:false. It will be deleted by the broker if it shuts down, and can be redeclared by closing and reopening the connection.
2022-04-25 13:27:14.304  INFO 9780 --- [main] o.s.amqp.rabbit.core.RabbitAdmin         : Auto-declaring a non-durable, auto-delete, or exclusive Queue (confirm_queue) durable:false, auto-delete:false, exclusive:false. It will be redeclared if the broker stops and is restarted while the connection factory is alive, but all messages will be lost.
2022-04-25 13:27:14.341  INFO 9780 --- [main] r.RabbitMqReleaseConfirmationApplication : Started RabbitMqReleaseConfirmationApplication in 1.565 seconds (JVM running for 1.996)
2022-04-25 13:27:30.280  INFO 9780 --- [http-nio-8080-exec-1] o.a.c.c.C.[Tomcat].[localhost].[/]       : Initializing Spring DispatcherServlet 'dispatcherServlet'
2022-04-25 13:27:30.280  INFO 9780 --- [http-nio-8080-exec-1] o.s.web.servlet.DispatcherServlet        : Initializing Servlet 'dispatcherServlet'
2022-04-25 13:27:30.281  INFO 9780 --- [http-nio-8080-exec-1] o.s.web.servlet.DispatcherServlet        : Completed initialization in 1 ms
2022-04-25 13:27:36.390  INFO 9780 --- [org.springframework.amqp.rabbit.RabbitListenerEndpointContainer#0-2] o.s.a.r.l.SimpleMessageListenerContainer : Waiting for workers to finish.
2022-04-25 13:27:36.513  INFO 9780 --- [org.springframework.amqp.rabbit.RabbitListenerEndpointContainer#0-2] o.s.a.r.l.SimpleMessageListenerContainer : Successfully waited for workers to finish.
2022-04-25 13:27:36.538  INFO 9780 --- [SpringApplicationShutdownHook] o.s.a.r.l.SimpleMessageListenerContainer : Shutdown ignored - container is already stopped
2022-04-25 13:27:39.944  INFO 4412 --- [main] r.RabbitMqReleaseConfirmationApplication : Starting RabbitMqReleaseConfirmationApplication using Java 16.0.2 on mao with PID 4412 (H:\程序\大三下期\rabbitMQ发布确认\target\classes started by mao in H:\程序\大三下期\rabbitMQ发布确认)
2022-04-25 13:27:39.946 DEBUG 4412 --- [main] r.RabbitMqReleaseConfirmationApplication : Running with Spring Boot v2.6.7, Spring v5.3.19
2022-04-25 13:27:39.947  INFO 4412 --- [main] r.RabbitMqReleaseConfirmationApplication : The following 1 profile is active: "dev"
2022-04-25 13:27:40.597  INFO 4412 --- [main] o.s.b.w.embedded.tomcat.TomcatWebServer  : Tomcat initialized with port(s): 8080 (http)
2022-04-25 13:27:40.605  INFO 4412 --- [main] o.apache.catalina.core.StandardService   : Starting service [Tomcat]
2022-04-25 13:27:40.606  INFO 4412 --- [main] org.apache.catalina.core.StandardEngine  : Starting Servlet engine: [Apache Tomcat/9.0.62]
2022-04-25 13:27:40.676  INFO 4412 --- [main] o.a.c.c.C.[Tomcat].[localhost].[/]       : Initializing Spring embedded WebApplicationContext
2022-04-25 13:27:40.677  INFO 4412 --- [main] w.s.c.ServletWebServerApplicationContext : Root WebApplicationContext: initialization completed in 694 ms
2022-04-25 13:27:41.135  INFO 4412 --- [main] o.s.b.w.embedded.tomcat.TomcatWebServer  : Tomcat started on port(s): 8080 (http) with context path ''
2022-04-25 13:27:41.136  INFO 4412 --- [main] o.s.a.r.c.CachingConnectionFactory       : Attempting to connect to: [127.0.0.1:5672]
2022-04-25 13:27:41.154  INFO 4412 --- [main] o.s.a.r.c.CachingConnectionFactory       : Created new connection: rabbitConnectionFactory#57cb70be:0/SimpleConnection@664632e9 [delegate=amqp://admin@127.0.0.1:5672/, localPort= 53680]
2022-04-25 13:27:41.157  INFO 4412 --- [main] o.s.amqp.rabbit.core.RabbitAdmin         : Auto-declaring a non-durable or auto-delete Exchange (confirm_exchange) durable:false, auto-delete:false. It will be deleted by the broker if it shuts down, and can be redeclared by closing and reopening the connection.
2022-04-25 13:27:41.157  INFO 4412 --- [main] o.s.amqp.rabbit.core.RabbitAdmin         : Auto-declaring a non-durable, auto-delete, or exclusive Queue (confirm_queue) durable:false, auto-delete:false, exclusive:false. It will be redeclared if the broker stops and is restarted while the connection factory is alive, but all messages will be lost.
2022-04-25 13:27:41.199  INFO 4412 --- [main] r.RabbitMqReleaseConfirmationApplication : Started RabbitMqReleaseConfirmationApplication in 1.582 seconds (JVM running for 2.022)
2022-04-25 13:27:44.582  INFO 4412 --- [http-nio-8080-exec-1] o.a.c.c.C.[Tomcat].[localhost].[/]       : Initializing Spring DispatcherServlet 'dispatcherServlet'
2022-04-25 13:27:44.582  INFO 4412 --- [http-nio-8080-exec-1] o.s.web.servlet.DispatcherServlet        : Initializing Servlet 'dispatcherServlet'
2022-04-25 13:27:44.583  INFO 4412 --- [http-nio-8080-exec-1] o.s.web.servlet.DispatcherServlet        : Completed initialization in 1 ms
2022-04-25 13:27:52.416  INFO 4412 --- [http-nio-8080-exec-2] m.r.controller.MyController              : 开始发送消息：hello
2022-04-25 13:27:52.429  INFO 4412 --- [rabbitConnectionFactory1] m.r.config.RabbitMQCallBack              : 消息id为6338fd8b-5663-4663-af1f-f8e03d51fd93的消息交换机已经收到
2022-04-25 13:27:52.439  INFO 4412 --- [org.springframework.amqp.rabbit.RabbitListenerEndpointContainer#0-1] m.r.consumer.Consumer1                   : 消费者已经收到消息：hello
2022-04-25 13:28:30.352  INFO 4412 --- [http-nio-8080-exec-3] m.r.controller.MyController              : 开始发送消息：hello
2022-04-25 13:28:30.354  INFO 4412 --- [rabbitConnectionFactory1] m.r.config.RabbitMQCallBack              : 消息id为c81525c8-258b-411d-8db3-313a33ac67f1的消息交换机已经收到
2022-04-25 13:28:30.355  INFO 4412 --- [org.springframework.amqp.rabbit.RabbitListenerEndpointContainer#0-1] m.r.consumer.Consumer1                   : 消费者已经收到消息：hello
2022-04-25 13:28:30.656  INFO 4412 --- [http-nio-8080-exec-4] m.r.controller.MyController              : 开始发送消息：hello
2022-04-25 13:28:30.659  INFO 4412 --- [rabbitConnectionFactory1] m.r.config.RabbitMQCallBack              : 消息id为aca90897-dba2-4aa3-a9b9-ce7d5f4f58a2的消息交换机已经收到
2022-04-25 13:28:30.660  INFO 4412 --- [org.springframework.amqp.rabbit.RabbitListenerEndpointContainer#0-1] m.r.consumer.Consumer1                   : 消费者已经收到消息：hello
2022-04-25 13:29:14.117  INFO 4412 --- [org.springframework.amqp.rabbit.RabbitListenerEndpointContainer#0-2] o.s.a.r.l.SimpleMessageListenerContainer : Waiting for workers to finish.
2022-04-25 13:29:14.143  INFO 4412 --- [org.springframework.amqp.rabbit.RabbitListenerEndpointContainer#0-2] o.s.a.r.l.SimpleMessageListenerContainer : Successfully waited for workers to finish.
2022-04-25 13:29:14.159  INFO 4412 --- [SpringApplicationShutdownHook] o.s.a.r.l.SimpleMessageListenerContainer : Shutdown ignored - container is already stopped
2022-04-25 13:29:17.298  INFO 7456 --- [main] r.RabbitMqReleaseConfirmationApplication : Starting RabbitMqReleaseConfirmationApplication using Java 16.0.2 on mao with PID 7456 (H:\程序\大三下期\rabbitMQ发布确认\target\classes started by mao in H:\程序\大三下期\rabbitMQ发布确认)
2022-04-25 13:29:17.300 DEBUG 7456 --- [main] r.RabbitMqReleaseConfirmationApplication : Running with Spring Boot v2.6.7, Spring v5.3.19
2022-04-25 13:29:17.301  INFO 7456 --- [main] r.RabbitMqReleaseConfirmationApplication : The following 1 profile is active: "dev"
2022-04-25 13:29:17.945  INFO 7456 --- [main] o.s.b.w.embedded.tomcat.TomcatWebServer  : Tomcat initialized with port(s): 8080 (http)
2022-04-25 13:29:17.951  INFO 7456 --- [main] o.apache.catalina.core.StandardService   : Starting service [Tomcat]
2022-04-25 13:29:17.952  INFO 7456 --- [main] org.apache.catalina.core.StandardEngine  : Starting Servlet engine: [Apache Tomcat/9.0.62]
2022-04-25 13:29:18.023  INFO 7456 --- [main] o.a.c.c.C.[Tomcat].[localhost].[/]       : Initializing Spring embedded WebApplicationContext
2022-04-25 13:29:18.024  INFO 7456 --- [main] w.s.c.ServletWebServerApplicationContext : Root WebApplicationContext: initialization completed in 687 ms
2022-04-25 13:29:18.487  INFO 7456 --- [main] o.s.b.w.embedded.tomcat.TomcatWebServer  : Tomcat started on port(s): 8080 (http) with context path ''
2022-04-25 13:29:18.489  INFO 7456 --- [main] o.s.a.r.c.CachingConnectionFactory       : Attempting to connect to: [127.0.0.1:5672]
2022-04-25 13:29:18.507  INFO 7456 --- [main] o.s.a.r.c.CachingConnectionFactory       : Created new connection: rabbitConnectionFactory#20d87335:0/SimpleConnection@4f379769 [delegate=amqp://admin@127.0.0.1:5672/, localPort= 53754]
2022-04-25 13:29:18.510  INFO 7456 --- [main] o.s.amqp.rabbit.core.RabbitAdmin         : Auto-declaring a non-durable or auto-delete Exchange (confirm_exchange) durable:false, auto-delete:false. It will be deleted by the broker if it shuts down, and can be redeclared by closing and reopening the connection.
2022-04-25 13:29:18.510  INFO 7456 --- [main] o.s.amqp.rabbit.core.RabbitAdmin         : Auto-declaring a non-durable, auto-delete, or exclusive Queue (confirm_queue) durable:false, auto-delete:false, exclusive:false. It will be redeclared if the broker stops and is restarted while the connection factory is alive, but all messages will be lost.
2022-04-25 13:29:18.547  INFO 7456 --- [main] r.RabbitMqReleaseConfirmationApplication : Started RabbitMqReleaseConfirmationApplication in 1.574 seconds (JVM running for 2.028)
2022-04-25 13:29:21.160  INFO 7456 --- [http-nio-8080-exec-1] o.a.c.c.C.[Tomcat].[localhost].[/]       : Initializing Spring DispatcherServlet 'dispatcherServlet'
2022-04-25 13:29:21.160  INFO 7456 --- [http-nio-8080-exec-1] o.s.web.servlet.DispatcherServlet        : Initializing Servlet 'dispatcherServlet'
2022-04-25 13:29:21.161  INFO 7456 --- [http-nio-8080-exec-1] o.s.web.servlet.DispatcherServlet        : Completed initialization in 0 ms
2022-04-25 13:29:21.180  INFO 7456 --- [http-nio-8080-exec-1] m.r.controller.MyController              : 开始发送消息：hello
2022-04-25 13:29:21.199 ERROR 7456 --- [AMQP Connection 127.0.0.1:5672] o.s.a.r.c.CachingConnectionFactory       : Shutdown Signal: channel error; protocol method: #method<channel.close>(reply-code=404, reply-text=NOT_FOUND - no exchange 'confirm_exchange1' in vhost '/', class-id=60, method-id=40)
2022-04-25 13:29:21.201  WARN 7456 --- [rabbitConnectionFactory2] m.r.config.RabbitMQCallBack              : 交换机未收到id为e2deb357-265c-4d6a-9f11-7c26376695cf的消息，原因：channel error; protocol method: #method<channel.close>(reply-code=404, reply-text=NOT_FOUND - no exchange 'confirm_exchange1' in vhost '/', class-id=60, method-id=40)
2022-04-25 13:29:46.478  INFO 7456 --- [http-nio-8080-exec-2] m.r.controller.MyController              : 开始发送消息：hello
2022-04-25 13:29:46.485 ERROR 7456 --- [AMQP Connection 127.0.0.1:5672] o.s.a.r.c.CachingConnectionFactory       : Shutdown Signal: channel error; protocol method: #method<channel.close>(reply-code=404, reply-text=NOT_FOUND - no exchange 'confirm_exchange1' in vhost '/', class-id=60, method-id=40)
2022-04-25 13:29:46.485  WARN 7456 --- [rabbitConnectionFactory1] m.r.config.RabbitMQCallBack              : 交换机未收到id为6083eff8-8e81-456e-acf3-c2dde7e8309c的消息，原因：channel error; protocol method: #method<channel.close>(reply-code=404, reply-text=NOT_FOUND - no exchange 'confirm_exchange1' in vhost '/', class-id=60, method-id=40)
